Determining if the pthread_create exist failed with the following output:
Change Dir: /home/cc/ee106a/fl21/class/ee106a-acu/ros_workspaces/lab2/lab2/build/CMakeFiles/CMakeTmp

Run Build Command:"/usr/bin/make" "cmTC_8c257/fast"
/usr/bin/make -f CMakeFiles/cmTC_8c257.dir/build.make CMakeFiles/cmTC_8c257.dir/build
make[1]: Entering directory '/home/cc/ee106a/fl21/class/ee106a-acu/ros_workspaces/lab2/lab2/build/CMakeFiles/CMakeTmp'
Building C object CMakeFiles/cmTC_8c257.dir/CheckSymbolExists.c.o
/usr/bin/cc     -o CMakeFiles/cmTC_8c257.dir/CheckSymbolExists.c.o   -c /home/cc/ee106a/fl21/class/ee106a-acu/ros_workspaces/lab2/lab2/build/CMakeFiles/CMakeTmp/CheckSymbolExists.c
Linking C executable cmTC_8c257
/usr/bin/cmake -E cmake_link_script CMakeFiles/cmTC_8c257.dir/link.txt --verbose=1
/usr/bin/cc       CMakeFiles/cmTC_8c257.dir/CheckSymbolExists.c.o  -o cmTC_8c257 -rdynamic 
CMakeFiles/cmTC_8c257.dir/CheckSymbolExists.c.o: In function `main':
CheckSymbolExists.c:(.text+0x16): undefined reference to `pthread_create'
collect2: error: ld returned 1 exit status
CMakeFiles/cmTC_8c257.dir/build.make:97: recipe for target 'cmTC_8c257' failed
make[1]: *** [cmTC_8c257] Error 1
make[1]: Leaving directory '/home/cc/ee106a/fl21/class/ee106a-acu/ros_workspaces/lab2/lab2/build/CMakeFiles/CMakeTmp'
Makefile:126: recipe for target 'cmTC_8c257/fast' failed
make: *** [cmTC_8c257/fast] Error 2

File /home/cc/ee106a/fl21/class/ee106a-acu/ros_workspaces/lab2/lab2/build/CMakeFiles/CMakeTmp/CheckSymbolExists.c:
/* */
#include <pthread.h>

int main(int argc, char** argv)
{
  (void)argv;
#ifndef pthread_create
  return ((int*)(&pthread_create))[argc];
#else
  (void)argc;
  return 0;
#endif
}

Determining if the function pthread_create exists in the pthreads failed with the following output:
Change Dir: /home/cc/ee106a/fl21/class/ee106a-acu/ros_workspaces/lab2/lab2/build/CMakeFiles/CMakeTmp

Run Build Command:"/usr/bin/make" "cmTC_308be/fast"
/usr/bin/make -f CMakeFiles/cmTC_308be.dir/build.make CMakeFiles/cmTC_308be.dir/build
make[1]: Entering directory '/home/cc/ee106a/fl21/class/ee106a-acu/ros_workspaces/lab2/lab2/build/CMakeFiles/CMakeTmp'
Building C object CMakeFiles/cmTC_308be.dir/CheckFunctionExists.c.o
/usr/bin/cc    -DCHECK_FUNCTION_EXISTS=pthread_create   -o CMakeFiles/cmTC_308be.dir/CheckFunctionExists.c.o   -c /usr/share/cmake-3.5/Modules/CheckFunctionExists.c
Linking C executable cmTC_308be
/usr/bin/cmake -E cmake_link_script CMakeFiles/cmTC_308be.dir/link.txt --verbose=1
/usr/bin/cc   -DCHECK_FUNCTION_EXISTS=pthread_create    CMakeFiles/cmTC_308be.dir/CheckFunctionExists.c.o  -o cmTC_308be -rdynamic -lpthreads 
/usr/bin/ld: cannot find -lpthreads
collect2: error: ld returned 1 exit status
CMakeFiles/cmTC_308be.dir/build.make:97: recipe for target 'cmTC_308be' failed
make[1]: *** [cmTC_308be] Error 1
make[1]: Leaving directory '/home/cc/ee106a/fl21/class/ee106a-acu/ros_workspaces/lab2/lab2/build/CMakeFiles/CMakeTmp'
Makefile:126: recipe for target 'cmTC_308be/fast' failed
make: *** [cmTC_308be/fast] Error 2


